[debug] [2022-07-19T15:38:57.406Z] ----------------------------------------------------------------------
[debug] [2022-07-19T15:38:57.407Z] Command:       C:\Program Files\nodejs\node.exe C:\Users\Corbin\AppData\Roaming\npm\node_modules\firebase-tools\lib\bin\firebase.js init
[debug] [2022-07-19T15:38:57.408Z] CLI Version:   11.3.0
[debug] [2022-07-19T15:38:57.408Z] Platform:      win32
[debug] [2022-07-19T15:38:57.408Z] Node Version:  v16.13.2
[debug] [2022-07-19T15:38:57.409Z] Time:          Tue Jul 19 2022 11:38:57 GMT-0400 (Eastern Daylight Time)
[debug] [2022-07-19T15:38:57.409Z] ----------------------------------------------------------------------
[debug] 
[debug] [2022-07-19T15:38:57.414Z] > command requires scopes: ["email","openid","https://www.googleapis.com/auth/cloudplatformprojects.readonly","https://www.googleapis.com/auth/firebase","https://www.googleapis.com/auth/cloud-platform"]
[debug] [2022-07-19T15:38:57.415Z] > authorizing via signed-in user (spjdotorg@gmail.com)
[info] 
     ######## #### ########  ######## ########     ###     ######  ########
     ##        ##  ##     ## ##       ##     ##  ##   ##  ##       ##
     ######    ##  ########  ######   ########  #########  ######  ######
     ##        ##  ##    ##  ##       ##     ## ##     ##       ## ##
     ##       #### ##     ## ######## ########  ##     ##  ######  ########

You're about to initialize a Firebase project in this directory:

  C:\xampp\htdocs\fresh\convention

Before we get started, keep in mind:

  * You are currently outside your home directory

[debug] [2022-07-19T15:41:34.440Z] Error: kill ENOSYS
    at process.kill (node:internal/process/per_thread:215:13)
    at process.listener (C:\Users\Corbin\AppData\Roaming\npm\node_modules\firebase-tools\node_modules\signal-exit\index.js:95:15)
    at process.emit (node:events:390:28)
[error] 
[error] Error: An unexpected error has occurred.
